Test bad PASSED!!!

Examples:
lua csv -e ...
all
bad
bignum
csv
data
ls
nums
stats
sym
the
Test ls PASSED!!!

Test the PASSED!!!

a	1.3787834934861756
Test sym PASSED!!!

50	31.007751937984494
Test nums PASSED!!!

[10, 24, 33, 94, 96, 169, 198, 224, 300, 303, 329, 335, 353, 375, 379, 403, 408, 430, 436, 456, 649, 657, 669, 680, 786, 827, 846, 889, 894, 920, 934, 976]
Test bignum PASSED!!!

['Clndrs', 'Volume', 'Hp:', 'Lbs-', 'Acc+', 'Model', 'origin', 'Mpg+']
[8, 304.0, 193, 4732, 18.5, 70, 1, 10]
[8, 360, 215, 4615, 14, 70, 1, 10]
[8, 307, 200, 4376, 15, 70, 1, 10]
[8, 318, 210, 4382, 13.5, 70, 1, 10]
[8, 429, 208, 4633, 11, 72, 1, 10]
[8, 400, 150, 4997, 14, 73, 1, 10]
[8, 350, 180, 3664, 11, 73, 1, 10]
[8, 383, 180, 4955, 11.5, 71, 1, 10]
[8, 350, 160, 4456, 13.5, 72, 1, 10]
[8, 429, 198, 4952, 11.5, 73, 1, 10]
[8, 455, 225, 4951, 11, 73, 1, 10]
Test csv PASSED!!!

{'n': 398, 'at': 3, 'name': 'Lbs-', 'lo': 1613, 'hi': 5140, 'issorted': False, 'weight': 0}
{'n': 398, 'at': 4, 'name': 'Acc+', 'lo': 8, 'hi': 24.8, 'issorted': False, 'weight': 0}
{'n': 398, 'at': 7, 'name': 'Mpg+', 'lo': 10, 'hi': 50, 'issorted': False, 'weight': 0}
Test data PASSED!!!

xmid {'Clndrs': 4, 'Volume': 151, 'Model': 76, 'origin': 1}
xdiv {'Clndrs': 1.55, 'Volume': 98.062, 'Model': 4.264, 'origin': 0.781}
ymid {'Lbs-': 2720, 'Acc+': 15, 'Mpg+': 20}
ydiv {'Lbs-': 885.271, 'Acc+': 2.326, 'Mpg+': 3.876}
Test stats PASSED!!!

Test all PASSED!!!

